2025-12-26T12:13:18 | touched: README.md
2025-11-03T22:04:29 | touched: scripts/interact.js
2025-01-07T07:18:51 | touched: test/Blockchain.test.js
2025-01-27T10:45:41 | touched: .env.example
2025-02-15T09:55:12 | touched: scripts/interact.js
2025-01-24T06:22:23 | touched: LICENSE
2025-02-28T00:13:52 | touched: LICENSE
2025-11-30T23:03:54 | touched: LICENSE
2025-06-17T07:05:21 | touched: README.md
2025-01-18T15:05:01 | touched: LICENSE
2025-07-25T11:32:32 | touched: scripts/cli.js
2025-04-21T13:48:40 | touched: scripts/deploy.js
2025-10-03T17:30:17 | touched: test/Blockchain.test.js
2025-11-23T07:02:55 | touched: .env.example
2025-01-31T02:03:22 | touched: package.json
2025-12-15T23:59:40 | touched: test/Blockchain.test.js
2025-06-07T16:35:32 | touched: README.md
2025-07-04T03:48:37 | touched: scripts/api-server.js
2025-09-03T12:44:48 | touched: package.json
2025-08-16T05:34:00 | touched: package.json
2025-09-25T23:57:01 | touched: test/Blockchain.test.js
2025-06-30T01:20:04 | touched: hardhat.config.js
2025-07-14T16:56:56 | touched: scripts/api-server.js
2025-11-16T06:29:38 | touched: .env.example
2025-07-23T18:56:56 | touched: .env.example
2025-04-09T16:35:58 | touched: test/Blockchain.test.js
2025-07-06T18:13:25 | touched: .env.example
2025-06-05T10:31:29 | touched: README.md
2025-09-05T00:46:28 | touched: test/Blockchain.test.js
2025-08-13T02:26:21 | touched: contracts/Blockchain.sol
2025-11-17T06:19:50 | touched: test/Blockchain.test.js
2025-01-20T08:22:07 | touched: scripts/deploy.js
2025-07-10T22:15:19 | touched: README.md
2025-08-08T20:57:32 | touched: README.md
2025-03-15T08:53:29 | touched: scripts/deploy.js
2025-12-23T08:19:45 | touched: .env.example
2025-12-04T03:45:49 | touched: test/Blockchain.test.js
2025-07-15T13:44:34 | touched: contracts/Blockchain.sol
2025-06-26T21:56:02 | touched: .env.example
2025-08-18T20:00:39 | touched: hardhat.config.js
2025-04-28T05:47:48 | touched: hardhat.config.js
2025-09-04T12:23:39 | touched: scripts/deploy.js
2025-02-17T02:59:32 | touched: test/Blockchain.test.js
2025-01-04T09:56:23 | touched: scripts/frontend-integration.js
2025-04-01T22:52:33 | touched: LICENSE
2025-03-12T14:57:11 | touched: package.json
2025-09-16T08:30:12 | touched: test/Blockchain.test.js
2025-08-01T02:23:06 | touched: scripts/interact.js
2025-08-02T00:39:13 | touched: .env.example
2025-11-07T10:55:57 | touched: package.json
2025-01-17T03:50:29 | touched: README.md
2026-01-08T04:25:31 | touched: contracts/Blockchain.sol
2025-12-31T02:22:20 | touched: LICENSE
2025-12-15T00:59:22 | touched: scripts/deploy.js
2026-01-04T15:26:26 | touched: hardhat.config.js
2026-01-22T00:48:44 | touched: contracts/Blockchain.sol
2026-01-04T01:10:56 | touched: scripts/deploy.js
2026-01-18T14:51:12 | touched: test/Blockchain.test.js
2026-01-18T07:13:31 | touched: LICENSE
2026-01-06T14:12:20 | touched: .env.example
2026-01-13T16:16:02 | touched: scripts/interact.js
2025-07-24T22:32:38 | touched: LICENSE
2026-01-10T13:13:37 | touched: scripts/cli.js
2026-01-13T21:31:33 | touched: scripts/frontend-integration.js
